==3567== Memcheck, a memory error detector
==3567== Copyright (C) 2002-2015, and GNU GPL'd, by Julian Seward et al.
==3567== Using Valgrind-3.11.0 and LibVEX; rerun with -h for copyright info
==3567== Command: ./cd1
==3567== 
==3567== 
==3567== HEAP SUMMARY:
==3567==     in use at exit: 100 bytes in 1 blocks
==3567==   total heap usage: 1 allocs, 0 frees, 100 bytes allocated
==3567== 
==3567== 100 bytes in 1 blocks are definitely lost in loss record 1 of 1
==3567==    at 0x4C2DB8F: malloc (in /usr/lib/valgrind/vgpreload_memcheck-amd64-linux.so)
==3567==    by 0x400537: main (cd1.c:4)
==3567== 
==3567== LEAK SUMMARY:
==3567==    definitely lost: 100 bytes in 1 blocks
==3567==    indirectly lost: 0 bytes in 0 blocks
==3567==      possibly lost: 0 bytes in 0 blocks
==3567==    still reachable: 0 bytes in 0 blocks
==3567==         suppressed: 0 bytes in 0 blocks
==3567== 
==3567== For counts of detected and suppressed errors, rerun with: -v
==3567== ERROR SUMMARY: 1 errors from 1 contexts (suppressed: 0 from 0)
