==3583== Memcheck, a memory error detector
==3583== Copyright (C) 2002-2015, and GNU GPL'd, by Julian Seward et al.
==3583== Using Valgrind-3.11.0 and LibVEX; rerun with -h for copyright info
==3583== Command: ./cd2
==3583== 
==3583== Invalid write of size 4
==3583==    at 0x400544: main (cd2.c:5)
==3583==  Address 0x5204054 is 15 bytes after a block of size 5 alloc'd
==3583==    at 0x4C2DB8F: malloc (in /usr/lib/valgrind/vgpreload_memcheck-amd64-linux.so)
==3583==    by 0x400537: main (cd2.c:4)
==3583== 
==3583== 
==3583== HEAP SUMMARY:
==3583==     in use at exit: 5 bytes in 1 blocks
==3583==   total heap usage: 1 allocs, 0 frees, 5 bytes allocated
==3583== 
==3583== 5 bytes in 1 blocks are definitely lost in loss record 1 of 1
==3583==    at 0x4C2DB8F: malloc (in /usr/lib/valgrind/vgpreload_memcheck-amd64-linux.so)
==3583==    by 0x400537: main (cd2.c:4)
==3583== 
==3583== LEAK SUMMARY:
==3583==    definitely lost: 5 bytes in 1 blocks
==3583==    indirectly lost: 0 bytes in 0 blocks
==3583==      possibly lost: 0 bytes in 0 blocks
==3583==    still reachable: 0 bytes in 0 blocks
==3583==         suppressed: 0 bytes in 0 blocks
==3583== 
==3583== For counts of detected and suppressed errors, rerun with: -v
==3583== ERROR SUMMARY: 2 errors from 2 contexts (suppressed: 0 from 0)
